<?xml version="1.0" encoding="UTF-8"?>
<!-- Generated by org.testng.reporters.JUnitXMLReporter -->
<testsuite ignored="5" hostname="LAPTOP-D8M8DET3" failures="0" tests="1" name="Default test" time="14.396" errors="0" timestamp="2025-05-08T12:55:59 IST">
  <testcase classname="bookingpagescripts.mybookingscript" name="cancelbuttonworkornot" time="14.337"/>
  <testcase classname="bookingpagescripts.mybookingscript" name="checkupcomingbookscenariocase" time="0.0">
    <ignored/>
  </testcase> <!-- checkupcomingbookscenariocase -->
  <testcase classname="bookingpagescripts.mybookingscript" name="completedtabcase" time="0.0">
    <ignored/>
  </testcase> <!-- completedtabcase -->
  <testcase classname="bookingpagescripts.mybookingscript" name="viewhotelpoliciesbuttonworkornot" time="0.0">
    <ignored/>
  </testcase> <!-- viewhotelpoliciesbuttonworkornot -->
  <testcase classname="bookingpagescripts.mybookingscript" name="cancelledtabcase" time="0.0">
    <ignored/>
  </testcase> <!-- cancelledtabcase -->
  <testcase classname="bookingpagescripts.mybookingscript" name="mybookingsdetailsissameornotincompletedcase" time="0.0">
    <ignored/>
  </testcase> <!-- mybookingsdetailsissameornotincompletedcase -->
</testsuite> <!-- Default test -->
