<?xml version="1.0" encoding="UTF-8"?>
<!-- Generated by org.testng.reporters.JUnitXMLReporter -->
<testsuite ignored="2" hostname="LAPTOP-D8M8DET3" failures="0" tests="1" name="Default test" time="8.842" errors="0" timestamp="2025-05-07T14:52:14 IST">
  <testcase classname="bookingpagescripts.mybookingscript" name="cancelledtabcase" time="8.417"/>
  <testcase classname="bookingpagescripts.mybookingscript" name="mybookingsdetailsissameornotincompletedcase" time="0.0">
    <ignored/>
  </testcase> <!-- mybookingsdetailsissameornotincompletedcase -->
  <testcase classname="bookingpagescripts.mybookingscript" name="completedtabcase" time="0.0">
    <ignored/>
  </testcase> <!-- completedtabcase -->
</testsuite> <!-- Default test -->
