<?xml version="1.0" encoding="UTF-8"?>
<testng-results ignored="0" total="1" passed="1" failed="0" skipped="0">
  <reporter-output>
  </reporter-output>
  <suite started-at="2025-05-14T15:48:49 IST" name="Default suite" finished-at="2025-05-14T15:49:21 IST" duration-ms="32009">
    <groups>
    </groups>
    <test started-at="2025-05-14T15:48:49 IST" name="Default test" finished-at="2025-05-14T15:49:21 IST" duration-ms="32009">
      <class name="bidinnUserWebAppTestScript.VerifyAddGuestButtonworkinmyBookingPage">
        <test-method is-config="true" signature="enterHotelname()[pri:0, instance:bidinnUserWebAppTestScript.VerifyAddGuestButtonworkinmyBookingPage@63475ace]" started-at="2025-05-14T15:48:49 IST" name="enterHotelname" finished-at="2025-05-14T15:49:02 IST" duration-ms="12877" status="PASS">
          <reporter-output>
          </reporter-output>
        </test-method> <!-- enterHotelname -->
        <test-method signature="checkingaddmoreguestthannoofguest()[pri:0, instance:bidinnUserWebAppTestScript.VerifyAddGuestButtonworkinmyBookingPage@63475ace]" started-at="2025-05-14T15:49:02 IST" name="checkingaddmoreguestthannoofguest" finished-at="2025-05-14T15:49:21 IST" duration-ms="18638" status="PASS">
          <reporter-output>
          </reporter-output>
        </test-method> <!-- checkingaddmoreguestthannoofguest -->
        <test-method is-config="true" signature="tearDown()[pri:0, instance:bidinnUserWebAppTestScript.VerifyAddGuestButtonworkinmyBookingPage@63475ace]" started-at="2025-05-14T15:49:21 IST" name="tearDown" finished-at="2025-05-14T15:49:21 IST" duration-ms="430" status="PASS">
          <reporter-output>
          </reporter-output>
        </test-method> <!-- tearDown -->
      </class> <!-- bidinnUserWebAppTestScript.VerifyAddGuestButtonworkinmyBookingPage -->
    </test> <!-- Default test -->
  </suite> <!-- Default suite -->
</testng-results>
