<?xml version="1.0" encoding="UTF-8"?>
<testng-results ignored="23" total="24" passed="1" failed="0" skipped="0">
  <reporter-output>
  </reporter-output>
  <suite started-at="2025-05-12T13:53:03 IST" name="Default suite" finished-at="2025-05-12T13:53:29 IST" duration-ms="26225">
    <groups>
    </groups>
    <test started-at="2025-05-12T13:53:03 IST" name="Default test" finished-at="2025-05-12T13:53:29 IST" duration-ms="26225">
      <class name="bidinnUserWebAppTestScript.VerifyHotelDetailsPage">
        <test-method is-config="true" signature="enterHotelname()[pri:0, instance:bidinnUserWebAppTestScript.VerifyHotelDetailsPage@305b7c14]" started-at="2025-05-12T13:53:03 IST" name="enterHotelname" finished-at="2025-05-12T13:53:14 IST" duration-ms="11153" status="PASS">
          <reporter-output>
          </reporter-output>
        </test-method> <!-- enterHotelname -->
        <test-method signature="verifyBidNowOptionAfterLogin()[pri:0, instance:bidinnUserWebAppTestScript.VerifyHotelDetailsPage@305b7c14]" started-at="2025-05-12T13:53:14 IST" name="verifyBidNowOptionAfterLogin" finished-at="2025-05-12T13:53:29 IST" duration-ms="14993" status="PASS">
          <reporter-output>
          </reporter-output>
        </test-method> <!-- verifyBidNowOptionAfterLogin -->
      </class> <!-- bidinnUserWebAppTestScript.VerifyHotelDetailsPage -->
    </test> <!-- Default test -->
  </suite> <!-- Default suite -->
</testng-results>
